2025-08-11 17:02:39,824 - MainThread - sqlmesh.core.config.connection - INFO - Creating new DuckDB adapter for in-memory database (connection.py:483)
2025-08-11 17:02:41,007 - MainThread - sqlmesh.core.state_sync.db.migrator - INFO - Applying migration <module 'sqlmesh.migrations.v0001_init' from '/mnt/c/Users/josh/venv/lib/python3.10/site-packages/sqlmesh/migrations/v0001_init.py'> (migrator.py:177)
2025-08-11 17:02:41,098 - MainThread - sqlmesh.core.state_sync.db.migrator - INFO - Applying migration <module 'sqlmesh.migrations.v0002_remove_identify' from '/mnt/c/Users/josh/venv/lib/python3.10/site-packages/sqlmesh/migrations/v0002_remove_identify.py'> (migrator.py:177)
2025-08-11 17:02:41,100 - MainThread - sqlmesh.core.state_sync.db.migrator - INFO - Applying migration <module 'sqlmesh.migrations.v0003_move_batch_size' from '/mnt/c/Users/josh/venv/lib/python3.10/site-packages/sqlmesh/migrations/v0003_move_batch_size.py'> (migrator.py:177)
2025-08-11 17:02:41,104 - MainThread - sqlmesh.core.state_sync.db.migrator - INFO - Applying migration <module 'sqlmesh.migrations.v0004_environmnent_add_finalized_at' from '/mnt/c/Users/josh/venv/lib/python3.10/site-packages/sqlmesh/migrations/v0004_environmnent_add_finalized_at.py'> (migrator.py:177)
2025-08-11 17:02:41,106 - MainThread - sqlmesh.core.state_sync.db.migrator - INFO - Applying migration <module 'sqlmesh.migrations.v0005_create_seed_table' from '/mnt/c/Users/josh/venv/lib/python3.10/site-packages/sqlmesh/migrations/v0005_create_seed_table.py'> (migrator.py:177)
2025-08-11 17:02:41,116 - MainThread - sqlmesh.core.state_sync.db.migrator - INFO - Applying migration <module 'sqlmesh.migrations.v0006_change_seed_hash' from '/mnt/c/Users/josh/venv/lib/python3.10/site-packages/sqlmesh/migrations/v0006_change_seed_hash.py'> (migrator.py:177)
2025-08-11 17:02:41,117 - MainThread - sqlmesh.core.state_sync.db.migrator - INFO - Applying migration <module 'sqlmesh.migrations.v0007_env_table_info_to_kind' from '/mnt/c/Users/josh/venv/lib/python3.10/site-packages/sqlmesh/migrations/v0007_env_table_info_to_kind.py'> (migrator.py:177)
2025-08-11 17:02:41,122 - MainThread - sqlmesh.core.state_sync.db.migrator - INFO - Applying migration <module 'sqlmesh.migrations.v0008_create_intervals_table' from '/mnt/c/Users/josh/venv/lib/python3.10/site-packages/sqlmesh/migrations/v0008_create_intervals_table.py'> (migrator.py:177)
2025-08-11 17:02:41,138 - MainThread - sqlmesh.core.state_sync.db.migrator - INFO - Applying migration <module 'sqlmesh.migrations.v0009_remove_pre_post_hooks' from '/mnt/c/Users/josh/venv/lib/python3.10/site-packages/sqlmesh/migrations/v0009_remove_pre_post_hooks.py'> (migrator.py:177)
2025-08-11 17:02:41,140 - MainThread - sqlmesh.core.state_sync.db.migrator - INFO - Applying migration <module 'sqlmesh.migrations.v0010_seed_hash_batch_size' from '/mnt/c/Users/josh/venv/lib/python3.10/site-packages/sqlmesh/migrations/v0010_seed_hash_batch_size.py'> (migrator.py:177)
2025-08-11 17:02:41,141 - MainThread - sqlmesh.core.state_sync.db.migrator - INFO - Applying migration <module 'sqlmesh.migrations.v0011_add_model_kind_name' from '/mnt/c/Users/josh/venv/lib/python3.10/site-packages/sqlmesh/migrations/v0011_add_model_kind_name.py'> (migrator.py:177)
2025-08-11 17:02:41,145 - MainThread - sqlmesh.core.state_sync.db.migrator - INFO - Applying migration <module 'sqlmesh.migrations.v0012_update_jinja_expressions' from '/mnt/c/Users/josh/venv/lib/python3.10/site-packages/sqlmesh/migrations/v0012_update_jinja_expressions.py'> (migrator.py:177)
2025-08-11 17:02:41,148 - MainThread - sqlmesh.core.state_sync.db.migrator - INFO - Applying migration <module 'sqlmesh.migrations.v0013_serde_using_model_dialects' from '/mnt/c/Users/josh/venv/lib/python3.10/site-packages/sqlmesh/migrations/v0013_serde_using_model_dialects.py'> (migrator.py:177)
2025-08-11 17:02:41,151 - MainThread - sqlmesh.core.state_sync.db.migrator - INFO - Applying migration <module 'sqlmesh.migrations.v0014_fix_dev_intervals' from '/mnt/c/Users/josh/venv/lib/python3.10/site-packages/sqlmesh/migrations/v0014_fix_dev_intervals.py'> (migrator.py:177)
2025-08-11 17:02:41,156 - MainThread - sqlmesh.core.state_sync.db.migrator - INFO - Applying migration <module 'sqlmesh.migrations.v0015_environment_add_promoted_snapshot_ids' from '/mnt/c/Users/josh/venv/lib/python3.10/site-packages/sqlmesh/migrations/v0015_environment_add_promoted_snapshot_ids.py'> (migrator.py:177)
2025-08-11 17:02:41,159 - MainThread - sqlmesh.core.state_sync.db.migrator - INFO - Applying migration <module 'sqlmesh.migrations.v0016_fix_windows_path' from '/mnt/c/Users/josh/venv/lib/python3.10/site-packages/sqlmesh/migrations/v0016_fix_windows_path.py'> (migrator.py:177)
2025-08-11 17:02:41,161 - MainThread - sqlmesh.core.state_sync.db.migrator - INFO - Applying migration <module 'sqlmesh.migrations.v0017_fix_windows_seed_path' from '/mnt/c/Users/josh/venv/lib/python3.10/site-packages/sqlmesh/migrations/v0017_fix_windows_seed_path.py'> (migrator.py:177)
2025-08-11 17:02:41,163 - MainThread - sqlmesh.core.state_sync.db.migrator - INFO - Applying migration <module 'sqlmesh.migrations.v0018_rename_snapshot_model_to_node' from '/mnt/c/Users/josh/venv/lib/python3.10/site-packages/sqlmesh/migrations/v0018_rename_snapshot_model_to_node.py'> (migrator.py:177)
2025-08-11 17:02:41,165 - MainThread - sqlmesh.core.state_sync.db.migrator - INFO - Applying migration <module 'sqlmesh.migrations.v0019_add_env_suffix_target' from '/mnt/c/Users/josh/venv/lib/python3.10/site-packages/sqlmesh/migrations/v0019_add_env_suffix_target.py'> (migrator.py:177)
2025-08-11 17:02:41,168 - MainThread - sqlmesh.core.state_sync.db.migrator - INFO - Applying migration <module 'sqlmesh.migrations.v0020_remove_redundant_attributes_from_dbt_models' from '/mnt/c/Users/josh/venv/lib/python3.10/site-packages/sqlmesh/migrations/v0020_remove_redundant_attributes_from_dbt_models.py'> (migrator.py:177)
2025-08-11 17:02:41,170 - MainThread - sqlmesh.core.state_sync.db.migrator - INFO - Applying migration <module 'sqlmesh.migrations.v0021_fix_table_properties' from '/mnt/c/Users/josh/venv/lib/python3.10/site-packages/sqlmesh/migrations/v0021_fix_table_properties.py'> (migrator.py:177)
2025-08-11 17:02:41,172 - MainThread - sqlmesh.core.state_sync.db.migrator - INFO - Applying migration <module 'sqlmesh.migrations.v0022_move_project_to_model' from '/mnt/c/Users/josh/venv/lib/python3.10/site-packages/sqlmesh/migrations/v0022_move_project_to_model.py'> (migrator.py:177)
2025-08-11 17:02:41,176 - MainThread - sqlmesh.core.state_sync.db.migrator - INFO - Applying migration <module 'sqlmesh.migrations.v0023_fix_added_models_with_forward_only_parents' from '/mnt/c/Users/josh/venv/lib/python3.10/site-packages/sqlmesh/migrations/v0023_fix_added_models_with_forward_only_parents.py'> (migrator.py:177)
2025-08-11 17:02:41,178 - MainThread - sqlmesh.core.state_sync.db.migrator - INFO - Applying migration <module 'sqlmesh.migrations.v0024_replace_model_kind_name_enum_with_value' from '/mnt/c/Users/josh/venv/lib/python3.10/site-packages/sqlmesh/migrations/v0024_replace_model_kind_name_enum_with_value.py'> (migrator.py:177)
2025-08-11 17:02:41,180 - MainThread - sqlmesh.core.state_sync.db.migrator - INFO - Applying migration <module 'sqlmesh.migrations.v0025_fix_intervals_and_missing_change_category' from '/mnt/c/Users/josh/venv/lib/python3.10/site-packages/sqlmesh/migrations/v0025_fix_intervals_and_missing_change_category.py'> (migrator.py:177)
2025-08-11 17:02:41,182 - MainThread - sqlmesh.core.state_sync.db.migrator - INFO - Applying migration <module 'sqlmesh.migrations.v0026_remove_dialect_from_seed' from '/mnt/c/Users/josh/venv/lib/python3.10/site-packages/sqlmesh/migrations/v0026_remove_dialect_from_seed.py'> (migrator.py:177)
2025-08-11 17:02:41,183 - MainThread - sqlmesh.core.state_sync.db.migrator - INFO - Applying migration <module 'sqlmesh.migrations.v0027_minute_interval_to_five' from '/mnt/c/Users/josh/venv/lib/python3.10/site-packages/sqlmesh/migrations/v0027_minute_interval_to_five.py'> (migrator.py:177)
2025-08-11 17:02:41,185 - MainThread - sqlmesh.core.state_sync.db.migrator - INFO - Applying migration <module 'sqlmesh.migrations.v0028_add_plan_dags_table' from '/mnt/c/Users/josh/venv/lib/python3.10/site-packages/sqlmesh/migrations/v0028_add_plan_dags_table.py'> (migrator.py:177)
2025-08-11 17:02:41,200 - MainThread - sqlmesh.core.state_sync.db.migrator - INFO - Applying migration <module 'sqlmesh.migrations.v0029_generate_schema_types_using_dialect' from '/mnt/c/Users/josh/venv/lib/python3.10/site-packages/sqlmesh/migrations/v0029_generate_schema_types_using_dialect.py'> (migrator.py:177)
2025-08-11 17:02:41,203 - MainThread - sqlmesh.core.state_sync.db.migrator - INFO - Applying migration <module 'sqlmesh.migrations.v0030_update_unrestorable_snapshots' from '/mnt/c/Users/josh/venv/lib/python3.10/site-packages/sqlmesh/migrations/v0030_update_unrestorable_snapshots.py'> (migrator.py:177)
2025-08-11 17:02:41,205 - MainThread - sqlmesh.core.state_sync.db.migrator - INFO - Applying migration <module 'sqlmesh.migrations.v0031_remove_dbt_target_fields' from '/mnt/c/Users/josh/venv/lib/python3.10/site-packages/sqlmesh/migrations/v0031_remove_dbt_target_fields.py'> (migrator.py:177)
2025-08-11 17:02:41,207 - MainThread - sqlmesh.core.state_sync.db.migrator - INFO - Applying migration <module 'sqlmesh.migrations.v0032_add_sqlmesh_version' from '/mnt/c/Users/josh/venv/lib/python3.10/site-packages/sqlmesh/migrations/v0032_add_sqlmesh_version.py'> (migrator.py:177)
2025-08-11 17:02:41,208 - MainThread - sqlmesh.core.state_sync.db.migrator - INFO - Applying migration <module 'sqlmesh.migrations.v0033_mysql_fix_blob_text_type' from '/mnt/c/Users/josh/venv/lib/python3.10/site-packages/sqlmesh/migrations/v0033_mysql_fix_blob_text_type.py'> (migrator.py:177)
2025-08-11 17:02:41,209 - MainThread - sqlmesh.core.state_sync.db.migrator - INFO - Applying migration <module 'sqlmesh.migrations.v0034_add_default_catalog' from '/mnt/c/Users/josh/venv/lib/python3.10/site-packages/sqlmesh/migrations/v0034_add_default_catalog.py'> (migrator.py:177)
2025-08-11 17:02:41,216 - MainThread - sqlmesh.core.state_sync.db.migrator - INFO - Applying migration <module 'sqlmesh.migrations.v0035_add_catalog_name_override' from '/mnt/c/Users/josh/venv/lib/python3.10/site-packages/sqlmesh/migrations/v0035_add_catalog_name_override.py'> (migrator.py:177)
2025-08-11 17:02:41,218 - MainThread - sqlmesh.core.state_sync.db.migrator - INFO - Applying migration <module 'sqlmesh.migrations.v0036_delete_plan_dags_bug_fix' from '/mnt/c/Users/josh/venv/lib/python3.10/site-packages/sqlmesh/migrations/v0036_delete_plan_dags_bug_fix.py'> (migrator.py:177)
2025-08-11 17:02:41,221 - MainThread - sqlmesh.core.state_sync.db.migrator - INFO - Applying migration <module 'sqlmesh.migrations.v0037_remove_dbt_is_incremental_macro' from '/mnt/c/Users/josh/venv/lib/python3.10/site-packages/sqlmesh/migrations/v0037_remove_dbt_is_incremental_macro.py'> (migrator.py:177)
2025-08-11 17:02:41,223 - MainThread - sqlmesh.core.state_sync.db.migrator - INFO - Applying migration <module 'sqlmesh.migrations.v0038_add_expiration_ts_to_snapshot' from '/mnt/c/Users/josh/venv/lib/python3.10/site-packages/sqlmesh/migrations/v0038_add_expiration_ts_to_snapshot.py'> (migrator.py:177)
2025-08-11 17:02:41,227 - MainThread - sqlmesh.core.state_sync.db.migrator - INFO - Applying migration <module 'sqlmesh.migrations.v0039_include_environment_in_plan_dag_spec' from '/mnt/c/Users/josh/venv/lib/python3.10/site-packages/sqlmesh/migrations/v0039_include_environment_in_plan_dag_spec.py'> (migrator.py:177)
2025-08-11 17:02:41,230 - MainThread - sqlmesh.core.state_sync.db.migrator - INFO - Applying migration <module 'sqlmesh.migrations.v0040_add_previous_finalized_snapshots' from '/mnt/c/Users/josh/venv/lib/python3.10/site-packages/sqlmesh/migrations/v0040_add_previous_finalized_snapshots.py'> (migrator.py:177)
2025-08-11 17:02:41,232 - MainThread - sqlmesh.core.state_sync.db.migrator - INFO - Applying migration <module 'sqlmesh.migrations.v0041_remove_hash_raw_query_attribute' from '/mnt/c/Users/josh/venv/lib/python3.10/site-packages/sqlmesh/migrations/v0041_remove_hash_raw_query_attribute.py'> (migrator.py:177)
2025-08-11 17:02:41,234 - MainThread - sqlmesh.core.state_sync.db.migrator - INFO - Applying migration <module 'sqlmesh.migrations.v0042_trim_indirect_versions' from '/mnt/c/Users/josh/venv/lib/python3.10/site-packages/sqlmesh/migrations/v0042_trim_indirect_versions.py'> (migrator.py:177)
2025-08-11 17:02:41,236 - MainThread - sqlmesh.core.state_sync.db.migrator - INFO - Applying migration <module 'sqlmesh.migrations.v0043_fix_remove_obsolete_attributes_in_plan_dags' from '/mnt/c/Users/josh/venv/lib/python3.10/site-packages/sqlmesh/migrations/v0043_fix_remove_obsolete_attributes_in_plan_dags.py'> (migrator.py:177)
2025-08-11 17:02:41,239 - MainThread - sqlmesh.core.state_sync.db.migrator - INFO - Applying migration <module 'sqlmesh.migrations.v0044_quote_identifiers_in_model_attributes' from '/mnt/c/Users/josh/venv/lib/python3.10/site-packages/sqlmesh/migrations/v0044_quote_identifiers_in_model_attributes.py'> (migrator.py:177)
2025-08-11 17:02:41,239 - MainThread - sqlmesh.core.state_sync.db.migrator - INFO - Applying migration <module 'sqlmesh.migrations.v0045_move_gateway_variable' from '/mnt/c/Users/josh/venv/lib/python3.10/site-packages/sqlmesh/migrations/v0045_move_gateway_variable.py'> (migrator.py:177)
2025-08-11 17:02:41,242 - MainThread - sqlmesh.core.state_sync.db.migrator - INFO - Applying migration <module 'sqlmesh.migrations.v0046_add_batch_concurrency' from '/mnt/c/Users/josh/venv/lib/python3.10/site-packages/sqlmesh/migrations/v0046_add_batch_concurrency.py'> (migrator.py:177)
2025-08-11 17:02:41,243 - MainThread - sqlmesh.core.state_sync.db.migrator - INFO - Applying migration <module 'sqlmesh.migrations.v0047_change_scd_string_to_column' from '/mnt/c/Users/josh/venv/lib/python3.10/site-packages/sqlmesh/migrations/v0047_change_scd_string_to_column.py'> (migrator.py:177)
2025-08-11 17:02:41,243 - MainThread - sqlmesh.core.state_sync.db.migrator - INFO - Applying migration <module 'sqlmesh.migrations.v0048_drop_indirect_versions' from '/mnt/c/Users/josh/venv/lib/python3.10/site-packages/sqlmesh/migrations/v0048_drop_indirect_versions.py'> (migrator.py:177)
2025-08-11 17:02:41,245 - MainThread - sqlmesh.core.state_sync.db.migrator - INFO - Applying migration <module 'sqlmesh.migrations.v0049_replace_identifier_with_version_in_seeds_table' from '/mnt/c/Users/josh/venv/lib/python3.10/site-packages/sqlmesh/migrations/v0049_replace_identifier_with_version_in_seeds_table.py'> (migrator.py:177)
2025-08-11 17:02:41,289 - MainThread - sqlmesh.core.state_sync.db.migrator - INFO - Applying migration <module 'sqlmesh.migrations.v0050_drop_seeds_table' from '/mnt/c/Users/josh/venv/lib/python3.10/site-packages/sqlmesh/migrations/v0050_drop_seeds_table.py'> (migrator.py:177)
2025-08-11 17:02:41,292 - MainThread - sqlmesh.core.state_sync.db.migrator - INFO - Applying migration <module 'sqlmesh.migrations.v0051_rename_column_descriptions' from '/mnt/c/Users/josh/venv/lib/python3.10/site-packages/sqlmesh/migrations/v0051_rename_column_descriptions.py'> (migrator.py:177)
2025-08-11 17:02:41,294 - MainThread - sqlmesh.core.state_sync.db.migrator - INFO - Applying migration <module 'sqlmesh.migrations.v0052_add_normalize_name_in_environment_naming_info' from '/mnt/c/Users/josh/venv/lib/python3.10/site-packages/sqlmesh/migrations/v0052_add_normalize_name_in_environment_naming_info.py'> (migrator.py:177)
2025-08-11 17:02:41,297 - MainThread - sqlmesh.core.state_sync.db.migrator - INFO - Applying migration <module 'sqlmesh.migrations.v0053_custom_model_kind_extra_attributes' from '/mnt/c/Users/josh/venv/lib/python3.10/site-packages/sqlmesh/migrations/v0053_custom_model_kind_extra_attributes.py'> (migrator.py:177)
2025-08-11 17:02:41,298 - MainThread - sqlmesh.core.state_sync.db.migrator - INFO - Applying migration <module 'sqlmesh.migrations.v0054_fix_trailing_comments' from '/mnt/c/Users/josh/venv/lib/python3.10/site-packages/sqlmesh/migrations/v0054_fix_trailing_comments.py'> (migrator.py:177)
2025-08-11 17:02:41,298 - MainThread - sqlmesh.core.state_sync.db.migrator - INFO - Applying migration <module 'sqlmesh.migrations.v0055_add_updated_ts_unpaused_ts_ttl_ms_unrestorable_to_snapshot' from '/mnt/c/Users/josh/venv/lib/python3.10/site-packages/sqlmesh/migrations/v0055_add_updated_ts_unpaused_ts_ttl_ms_unrestorable_to_snapshot.py'> (migrator.py:177)
2025-08-11 17:02:41,306 - MainThread - sqlmesh.core.state_sync.db.migrator - INFO - Applying migration <module 'sqlmesh.migrations.v0056_restore_table_indexes' from '/mnt/c/Users/josh/venv/lib/python3.10/site-packages/sqlmesh/migrations/v0056_restore_table_indexes.py'> (migrator.py:177)
2025-08-11 17:02:41,376 - MainThread - sqlmesh.core.state_sync.db.migrator - INFO - Applying migration <module 'sqlmesh.migrations.v0057_add_table_format' from '/mnt/c/Users/josh/venv/lib/python3.10/site-packages/sqlmesh/migrations/v0057_add_table_format.py'> (migrator.py:177)
2025-08-11 17:02:41,376 - MainThread - sqlmesh.core.state_sync.db.migrator - INFO - Applying migration <module 'sqlmesh.migrations.v0058_add_requirements' from '/mnt/c/Users/josh/venv/lib/python3.10/site-packages/sqlmesh/migrations/v0058_add_requirements.py'> (migrator.py:177)
2025-08-11 17:02:41,379 - MainThread - sqlmesh.core.state_sync.db.migrator - INFO - Applying migration <module 'sqlmesh.migrations.v0059_add_physical_version' from '/mnt/c/Users/josh/venv/lib/python3.10/site-packages/sqlmesh/migrations/v0059_add_physical_version.py'> (migrator.py:177)
2025-08-11 17:02:41,379 - MainThread - sqlmesh.core.state_sync.db.migrator - INFO - Applying migration <module 'sqlmesh.migrations.v0060_move_audits_to_model' from '/mnt/c/Users/josh/venv/lib/python3.10/site-packages/sqlmesh/migrations/v0060_move_audits_to_model.py'> (migrator.py:177)
2025-08-11 17:02:41,385 - MainThread - sqlmesh.core.state_sync.db.migrator - INFO - Applying migration <module 'sqlmesh.migrations.v0061_mysql_fix_blob_text_type' from '/mnt/c/Users/josh/venv/lib/python3.10/site-packages/sqlmesh/migrations/v0061_mysql_fix_blob_text_type.py'> (migrator.py:177)
2025-08-11 17:02:41,386 - MainThread - sqlmesh.core.state_sync.db.migrator - INFO - Applying migration <module 'sqlmesh.migrations.v0062_add_model_gateway' from '/mnt/c/Users/josh/venv/lib/python3.10/site-packages/sqlmesh/migrations/v0062_add_model_gateway.py'> (migrator.py:177)
2025-08-11 17:02:41,386 - MainThread - sqlmesh.core.state_sync.db.migrator - INFO - Applying migration <module 'sqlmesh.migrations.v0063_change_signals' from '/mnt/c/Users/josh/venv/lib/python3.10/site-packages/sqlmesh/migrations/v0063_change_signals.py'> (migrator.py:177)
2025-08-11 17:02:41,389 - MainThread - sqlmesh.core.state_sync.db.migrator - INFO - Applying migration <module 'sqlmesh.migrations.v0064_join_when_matched_strings' from '/mnt/c/Users/josh/venv/lib/python3.10/site-packages/sqlmesh/migrations/v0064_join_when_matched_strings.py'> (migrator.py:177)
2025-08-11 17:02:41,392 - MainThread - sqlmesh.core.state_sync.db.migrator - INFO - Applying migration <module 'sqlmesh.migrations.v0065_add_model_optimize' from '/mnt/c/Users/josh/venv/lib/python3.10/site-packages/sqlmesh/migrations/v0065_add_model_optimize.py'> (migrator.py:177)
2025-08-11 17:02:41,392 - MainThread - sqlmesh.core.state_sync.db.migrator - INFO - Applying migration <module 'sqlmesh.migrations.v0066_add_auto_restatements' from '/mnt/c/Users/josh/venv/lib/python3.10/site-packages/sqlmesh/migrations/v0066_add_auto_restatements.py'> (migrator.py:177)
2025-08-11 17:02:41,412 - MainThread - sqlmesh.core.state_sync.db.migrator - INFO - Applying migration <module 'sqlmesh.migrations.v0067_add_tsql_date_full_precision' from '/mnt/c/Users/josh/venv/lib/python3.10/site-packages/sqlmesh/migrations/v0067_add_tsql_date_full_precision.py'> (migrator.py:177)
2025-08-11 17:02:41,412 - MainThread - sqlmesh.core.state_sync.db.migrator - INFO - Applying migration <module 'sqlmesh.migrations.v0068_include_unrendered_query_in_metadata_hash' from '/mnt/c/Users/josh/venv/lib/python3.10/site-packages/sqlmesh/migrations/v0068_include_unrendered_query_in_metadata_hash.py'> (migrator.py:177)
2025-08-11 17:02:41,413 - MainThread - sqlmesh.core.state_sync.db.migrator - INFO - Applying migration <module 'sqlmesh.migrations.v0069_update_dev_table_suffix' from '/mnt/c/Users/josh/venv/lib/python3.10/site-packages/sqlmesh/migrations/v0069_update_dev_table_suffix.py'> (migrator.py:177)
2025-08-11 17:02:41,423 - MainThread - sqlmesh.core.state_sync.db.migrator - INFO - Applying migration <module 'sqlmesh.migrations.v0070_include_grains_in_metadata_hash' from '/mnt/c/Users/josh/venv/lib/python3.10/site-packages/sqlmesh/migrations/v0070_include_grains_in_metadata_hash.py'> (migrator.py:177)
2025-08-11 17:02:41,424 - MainThread - sqlmesh.core.state_sync.db.migrator - INFO - Applying migration <module 'sqlmesh.migrations.v0071_add_dev_version_to_intervals' from '/mnt/c/Users/josh/venv/lib/python3.10/site-packages/sqlmesh/migrations/v0071_add_dev_version_to_intervals.py'> (migrator.py:177)
2025-08-11 17:02:41,436 - MainThread - sqlmesh.core.state_sync.db.migrator - INFO - Applying migration <module 'sqlmesh.migrations.v0072_add_environment_statements' from '/mnt/c/Users/josh/venv/lib/python3.10/site-packages/sqlmesh/migrations/v0072_add_environment_statements.py'> (migrator.py:177)
2025-08-11 17:02:41,447 - MainThread - sqlmesh.core.state_sync.db.migrator - INFO - Applying migration <module 'sqlmesh.migrations.v0073_remove_symbolic_disable_restatement' from '/mnt/c/Users/josh/venv/lib/python3.10/site-packages/sqlmesh/migrations/v0073_remove_symbolic_disable_restatement.py'> (migrator.py:177)
2025-08-11 17:02:41,452 - MainThread - sqlmesh.core.state_sync.db.migrator - INFO - Applying migration <module 'sqlmesh.migrations.v0074_add_partition_by_time_column_property' from '/mnt/c/Users/josh/venv/lib/python3.10/site-packages/sqlmesh/migrations/v0074_add_partition_by_time_column_property.py'> (migrator.py:177)
2025-08-11 17:02:41,453 - MainThread - sqlmesh.core.state_sync.db.migrator - INFO - Applying migration <module 'sqlmesh.migrations.v0075_remove_validate_query' from '/mnt/c/Users/josh/venv/lib/python3.10/site-packages/sqlmesh/migrations/v0075_remove_validate_query.py'> (migrator.py:177)
2025-08-11 17:02:41,456 - MainThread - sqlmesh.core.state_sync.db.migrator - INFO - Applying migration <module 'sqlmesh.migrations.v0076_add_cron_tz' from '/mnt/c/Users/josh/venv/lib/python3.10/site-packages/sqlmesh/migrations/v0076_add_cron_tz.py'> (migrator.py:177)
2025-08-11 17:02:41,456 - MainThread - sqlmesh.core.state_sync.db.migrator - INFO - Applying migration <module 'sqlmesh.migrations.v0077_fix_column_type_hash_calculation' from '/mnt/c/Users/josh/venv/lib/python3.10/site-packages/sqlmesh/migrations/v0077_fix_column_type_hash_calculation.py'> (migrator.py:177)
2025-08-11 17:02:41,456 - MainThread - sqlmesh.core.state_sync.db.migrator - INFO - Applying migration <module 'sqlmesh.migrations.v0078_warn_if_non_migratable_python_env' from '/mnt/c/Users/josh/venv/lib/python3.10/site-packages/sqlmesh/migrations/v0078_warn_if_non_migratable_python_env.py'> (migrator.py:177)
2025-08-11 17:02:41,458 - MainThread - sqlmesh.core.state_sync.db.migrator - INFO - Applying migration <module 'sqlmesh.migrations.v0079_add_gateway_managed_property' from '/mnt/c/Users/josh/venv/lib/python3.10/site-packages/sqlmesh/migrations/v0079_add_gateway_managed_property.py'> (migrator.py:177)
2025-08-11 17:02:41,462 - MainThread - sqlmesh.core.state_sync.db.migrator - INFO - Applying migration <module 'sqlmesh.migrations.v0080_add_batch_size_to_scd_type_2_models' from '/mnt/c/Users/josh/venv/lib/python3.10/site-packages/sqlmesh/migrations/v0080_add_batch_size_to_scd_type_2_models.py'> (migrator.py:177)
2025-08-11 17:02:41,463 - MainThread - sqlmesh.core.state_sync.db.migrator - INFO - Applying migration <module 'sqlmesh.migrations.v0081_update_partitioned_by' from '/mnt/c/Users/josh/venv/lib/python3.10/site-packages/sqlmesh/migrations/v0081_update_partitioned_by.py'> (migrator.py:177)
2025-08-11 17:02:41,466 - MainThread - sqlmesh.core.state_sync.db.migrator - INFO - Applying migration <module 'sqlmesh.migrations.v0082_warn_if_incorrectly_duplicated_statements' from '/mnt/c/Users/josh/venv/lib/python3.10/site-packages/sqlmesh/migrations/v0082_warn_if_incorrectly_duplicated_statements.py'> (migrator.py:177)
2025-08-11 17:02:41,468 - MainThread - sqlmesh.core.state_sync.db.migrator - INFO - Applying migration <module 'sqlmesh.migrations.v0083_use_sql_for_scd_time_data_type_data_hash' from '/mnt/c/Users/josh/venv/lib/python3.10/site-packages/sqlmesh/migrations/v0083_use_sql_for_scd_time_data_type_data_hash.py'> (migrator.py:177)
2025-08-11 17:02:41,469 - MainThread - sqlmesh.core.state_sync.db.migrator - INFO - Applying migration <module 'sqlmesh.migrations.v0084_normalize_quote_when_matched_and_merge_filter' from '/mnt/c/Users/josh/venv/lib/python3.10/site-packages/sqlmesh/migrations/v0084_normalize_quote_when_matched_and_merge_filter.py'> (migrator.py:177)
2025-08-11 17:02:41,469 - MainThread - sqlmesh.core.state_sync.db.migrator - INFO - Applying migration <module 'sqlmesh.migrations.v0085_deterministic_repr' from '/mnt/c/Users/josh/venv/lib/python3.10/site-packages/sqlmesh/migrations/v0085_deterministic_repr.py'> (migrator.py:177)
2025-08-11 17:02:41,471 - MainThread - sqlmesh.core.state_sync.db.migrator - INFO - Applying migration <module 'sqlmesh.migrations.v0086_check_deterministic_bug' from '/mnt/c/Users/josh/venv/lib/python3.10/site-packages/sqlmesh/migrations/v0086_check_deterministic_bug.py'> (migrator.py:177)
2025-08-11 17:02:41,473 - MainThread - sqlmesh.core.state_sync.db.migrator - INFO - Applying migration <module 'sqlmesh.migrations.v0087_normalize_blueprint_variables' from '/mnt/c/Users/josh/venv/lib/python3.10/site-packages/sqlmesh/migrations/v0087_normalize_blueprint_variables.py'> (migrator.py:177)
2025-08-11 17:02:41,479 - MainThread - sqlmesh.core.state_sync.db.migrator - INFO - Fetching environments (migrator.py:196)
2025-08-11 17:02:41,481 - MainThread - sqlmesh.core.state_sync.db.migrator - INFO - Migrating snapshot rows... (migrator.py:213)
2025-08-11 17:02:41,486 - MainThread - sqlmesh.core.state_sync.db.migrator - INFO - No changes to snapshots detected (migrator.py:206)
2025-08-11 17:03:14,587 - MainThread - sqlmesh.core.plan.evaluator - INFO - Evaluating plan stage CreateSnapshotRecordsStage (evaluator.py:125)
2025-08-11 17:03:14,671 - MainThread - sqlmesh.core.plan.evaluator - INFO - Evaluating plan stage PhysicalLayerUpdateStage (evaluator.py:125)
2025-08-11 17:03:14,675 - ThreadPoolExecutor-1_0 - sqlmesh.core.snapshot.evaluator - INFO - Listing data objects in schema analytics.sqlmesh__sqlmesh_example (evaluator.py:361)
2025-08-11 17:03:14,749 - ThreadPoolExecutor-1_0 - sqlmesh.core.engine_adapter.base - INFO - Executing SQL: /* SQLMESH_PLAN: d83fe7ba0f2f46d8a20e0eb7b2b25576 */ SELECT current_catalog (base.py:2260)
2025-08-11 17:03:14,774 - MainThread - sqlmesh.core.snapshot.evaluator - INFO - Creating schema 'analytics.sqlmesh__sqlmesh_example' (evaluator.py:1180)
2025-08-11 17:03:14,839 - MainThread - sqlmesh.core.engine_adapter.base - INFO - Executing SQL: /* SQLMESH_PLAN: d83fe7ba0f2f46d8a20e0eb7b2b25576 */ CREATE SCHEMA IF NOT EXISTS "sqlmesh__sqlmesh_example" (base.py:2260)
2025-08-11 17:03:14,920 - ThreadPoolExecutor-2_0 - sqlmesh.core.snapshot.evaluator - INFO - Creating table 'analytics.sqlmesh__sqlmesh_example.sqlmesh_example__seed_model__2185867172' (evaluator.py:1542)
2025-08-11 17:03:14,922 - ThreadPoolExecutor-2_0 - sqlmesh.core.engine_adapter.base - INFO - Executing SQL: /* SQLMESH_PLAN: d83fe7ba0f2f46d8a20e0eb7b2b25576 */ CREATE TABLE IF NOT EXISTS "sqlmesh__sqlmesh_example"."sqlmesh_example__seed_model__2185867172" ("id" INT, "item_id" INT, "event_date" DATE) (base.py:2260)
2025-08-11 17:03:14,953 - ThreadPoolExecutor-2_0 - sqlmesh.core.engine_adapter.base - INFO - Executing SQL: /* SQLMESH_PLAN: d83fe7ba0f2f46d8a20e0eb7b2b25576 */ SELECT 1 FROM "information_schema"."tables" WHERE "table_name" = 'sqlmesh_example__seed_model__2185867172' AND "table_schema" = 'sqlmesh__sqlmesh_example' (base.py:2260)
2025-08-11 17:03:14,961 - ThreadPoolExecutor-2_0 - sqlmesh.core.engine_adapter.base - INFO - Executing SQL: /* SQLMESH_PLAN: d83fe7ba0f2f46d8a20e0eb7b2b25576 */ DELETE FROM "sqlmesh__sqlmesh_example"."sqlmesh_example__seed_model__2185867172" WHERE TRUE (base.py:2260)
2025-08-11 17:03:14,965 - ThreadPoolExecutor-2_0 - sqlmesh.core.engine_adapter.base - INFO - Executing SQL: INSERT INTO "sqlmesh__sqlmesh_example"."sqlmesh_example__seed_model__2185867172" ("id", "item_id", "event_date") SELECT CAST("id" AS INT) AS "id", CAST("item_id" AS INT) AS "item_id", CAST("event_date" AS DATE) AS "event_date" FROM (VALUES "<REDACTED VALUES>") AS "t"("id", "item_id", "event_date") (base.py:2260)
2025-08-11 17:03:15,091 - ThreadPoolExecutor-2_1 - sqlmesh.core.snapshot.evaluator - INFO - Creating table 'analytics.sqlmesh__sqlmesh_example.sqlmesh_example__incremental_model__3659766683' (evaluator.py:1542)
2025-08-11 17:03:15,092 - ThreadPoolExecutor-2_1 - sqlmesh.core.engine_adapter.base - INFO - Executing SQL: /* SQLMESH_PLAN: d83fe7ba0f2f46d8a20e0eb7b2b25576 */ CREATE TABLE IF NOT EXISTS "sqlmesh__sqlmesh_example"."sqlmesh_example__incremental_model__3659766683" ("id" INT, "item_id" INT, "event_date" DATE) (base.py:2260)
2025-08-11 17:03:15,105 - ThreadPoolExecutor-2_1 - sqlmesh.core.snapshot.evaluator - INFO - Dry running model 'sqlmesh_example.incremental_model' (evaluator.py:1564)
2025-08-11 17:03:15,107 - ThreadPoolExecutor-2_1 - sqlmesh.core.engine_adapter.base - INFO - Executing SQL: /* SQLMESH_PLAN: d83fe7ba0f2f46d8a20e0eb7b2b25576 */ SELECT "seed_model"."id" AS "id", "seed_model"."item_id" AS "item_id", "seed_model"."event_date" AS "event_date" FROM "analytics"."sqlmesh__sqlmesh_example"."sqlmesh_example__seed_model__2185867172" AS "seed_model" WHERE ("seed_model"."event_date" <= CAST('1970-01-01' AS DATE) AND "seed_model"."event_date" >= CAST('1970-01-01' AS DATE)) AND FALSE LIMIT 0 (base.py:2260)
2025-08-11 17:03:15,125 - ThreadPoolExecutor-2_1 - sqlmesh.core.snapshot.evaluator - INFO - Creating table 'analytics.sqlmesh__sqlmesh_example.sqlmesh_example__full_model__3968245968' (evaluator.py:1542)
2025-08-11 17:03:15,127 - ThreadPoolExecutor-2_1 - sqlmesh.core.engine_adapter.base - INFO - Executing SQL: /* SQLMESH_PLAN: d83fe7ba0f2f46d8a20e0eb7b2b25576 */ CREATE TABLE IF NOT EXISTS "sqlmesh__sqlmesh_example"."sqlmesh_example__full_model__3968245968" ("item_id" INT, "num_orders" BIGINT) (base.py:2260)
2025-08-11 17:03:15,131 - ThreadPoolExecutor-2_1 - sqlmesh.core.snapshot.evaluator - INFO - Dry running model 'sqlmesh_example.full_model' (evaluator.py:1564)
2025-08-11 17:03:15,132 - ThreadPoolExecutor-2_1 - sqlmesh.core.engine_adapter.base - INFO - Executing SQL: /* SQLMESH_PLAN: d83fe7ba0f2f46d8a20e0eb7b2b25576 */ SELECT "incremental_model"."item_id" AS "item_id", COUNT(DISTINCT "incremental_model"."id") AS "num_orders" FROM "analytics"."sqlmesh__sqlmesh_example"."sqlmesh_example__incremental_model__3659766683" AS "incremental_model" WHERE FALSE GROUP BY "incremental_model"."item_id" LIMIT 0 (base.py:2260)
2025-08-11 17:03:15,143 - MainThread - sqlmesh.core.plan.evaluator - INFO - Evaluating plan stage BackfillStage (evaluator.py:125)
2025-08-11 17:03:15,312 - ThreadPoolExecutor-3_0 - sqlmesh.core.state_sync.db.facade - INFO - Adding interval (2025-08-10 00:00:00, 2025-08-11 00:00:00) for snapshot SnapshotId<"analytics"."sqlmesh_example"."seed_model": 2262549535> (facade.py:619)
2025-08-11 17:03:15,313 - ThreadPoolExecutor-3_0 - sqlmesh.core.state_sync.db.interval - INFO - Pushing intervals for snapshot SnapshotId<"analytics"."sqlmesh_example"."seed_model": 2262549535> (interval.py:213)
2025-08-11 17:03:15,330 - ThreadPoolExecutor-3_1 - sqlmesh.core.snapshot.evaluator - INFO - Evaluating snapshot SnapshotId<"analytics"."sqlmesh_example"."incremental_model": 3025917805> (evaluator.py:648)
2025-08-11 17:03:15,413 - ThreadPoolExecutor-3_1 - sqlmesh.core.snapshot.evaluator - INFO - Inserting batch (2020-01-01 00:00:00, 2025-08-11 00:00:00) into analytics.sqlmesh__sqlmesh_example.sqlmesh_example__incremental_model__3659766683' (evaluator.py:703)
2025-08-11 17:03:15,416 - ThreadPoolExecutor-3_1 - sqlmesh.core.engine_adapter.base - INFO - Executing SQL: /* SQLMESH_PLAN: d83fe7ba0f2f46d8a20e0eb7b2b25576 */ DELETE FROM "sqlmesh__sqlmesh_example"."sqlmesh_example__incremental_model__3659766683" WHERE "event_date" BETWEEN CAST('2020-01-01' AS DATE) AND CAST('2025-08-10' AS DATE) (base.py:2260)
2025-08-11 17:03:15,422 - ThreadPoolExecutor-3_1 - sqlmesh.core.engine_adapter.base - INFO - Executing SQL: /* SQLMESH_PLAN: d83fe7ba0f2f46d8a20e0eb7b2b25576 */ INSERT INTO "sqlmesh__sqlmesh_example"."sqlmesh_example__incremental_model__3659766683" ("id", "item_id", "event_date") SELECT "id", "item_id", "event_date" FROM (SELECT "seed_model"."id" AS "id", "seed_model"."item_id" AS "item_id", "seed_model"."event_date" AS "event_date" FROM "analytics"."sqlmesh__sqlmesh_example"."sqlmesh_example__seed_model__2185867172" AS "seed_model" WHERE "seed_model"."event_date" <= CAST('2025-08-10' AS DATE) AND "seed_model"."event_date" >= CAST('2020-01-01' AS DATE)) AS "_subquery" WHERE "event_date" BETWEEN CAST('2020-01-01' AS DATE) AND CAST('2025-08-10' AS DATE) (base.py:2260)
2025-08-11 17:03:15,511 - ThreadPoolExecutor-3_1 - sqlmesh.core.state_sync.db.facade - INFO - Adding interval (2020-01-01 00:00:00, 2025-08-11 00:00:00) for snapshot SnapshotId<"analytics"."sqlmesh_example"."incremental_model": 3025917805> (facade.py:619)
2025-08-11 17:03:15,512 - ThreadPoolExecutor-3_1 - sqlmesh.core.state_sync.db.interval - INFO - Pushing intervals for snapshot SnapshotId<"analytics"."sqlmesh_example"."incremental_model": 3025917805> (interval.py:213)
2025-08-11 17:03:15,527 - ThreadPoolExecutor-3_1 - sqlmesh.core.snapshot.evaluator - INFO - Evaluating snapshot SnapshotId<"analytics"."sqlmesh_example"."full_model": 1291504539> (evaluator.py:648)
2025-08-11 17:03:15,536 - ThreadPoolExecutor-3_1 - sqlmesh.core.snapshot.evaluator - INFO - Inserting batch (2025-08-10 00:00:00, 2025-08-11 00:00:00) into analytics.sqlmesh__sqlmesh_example.sqlmesh_example__full_model__3968245968' (evaluator.py:703)
2025-08-11 17:03:15,538 - ThreadPoolExecutor-3_1 - sqlmesh.core.engine_adapter.base - INFO - Executing SQL: /* SQLMESH_PLAN: d83fe7ba0f2f46d8a20e0eb7b2b25576 */ SELECT 1 FROM "information_schema"."tables" WHERE "table_name" = 'sqlmesh_example__full_model__3968245968' AND "table_schema" = 'sqlmesh__sqlmesh_example' (base.py:2260)
2025-08-11 17:03:15,551 - ThreadPoolExecutor-3_1 - sqlmesh.core.engine_adapter.base - INFO - Executing SQL: /* SQLMESH_PLAN: d83fe7ba0f2f46d8a20e0eb7b2b25576 */ DELETE FROM "sqlmesh__sqlmesh_example"."sqlmesh_example__full_model__3968245968" WHERE TRUE (base.py:2260)
2025-08-11 17:03:15,555 - ThreadPoolExecutor-3_1 - sqlmesh.core.engine_adapter.base - INFO - Executing SQL: /* SQLMESH_PLAN: d83fe7ba0f2f46d8a20e0eb7b2b25576 */ INSERT INTO "sqlmesh__sqlmesh_example"."sqlmesh_example__full_model__3968245968" ("item_id", "num_orders") SELECT "incremental_model"."item_id" AS "item_id", COUNT(DISTINCT "incremental_model"."id") AS "num_orders" FROM "analytics"."sqlmesh__sqlmesh_example"."sqlmesh_example__incremental_model__3659766683" AS "incremental_model" GROUP BY "incremental_model"."item_id" (base.py:2260)
2025-08-11 17:03:15,557 - ThreadPoolExecutor-3_1 - sqlmesh.core.snapshot.evaluator - INFO - Auditing snapshot SnapshotId<"analytics"."sqlmesh_example"."full_model": 1291504539> (evaluator.py:553)
2025-08-11 17:03:15,563 - ThreadPoolExecutor-3_1 - sqlmesh.core.engine_adapter.base - INFO - Executing SQL: /* SQLMESH_PLAN: d83fe7ba0f2f46d8a20e0eb7b2b25576 */ SELECT "attname" AS "column_name", "pg_catalog".format_type("atttypid", "atttypmod") AS "data_type" FROM "pg_catalog"."pg_attribute" JOIN "pg_catalog"."pg_class" ON "pg_class"."oid" = "attrelid" JOIN "pg_catalog"."pg_namespace" ON "pg_namespace"."oid" = "relnamespace" WHERE ("attnum" > 0 AND NOT "attisdropped" AND "relname" = 'sqlmesh_example__full_model__3968245968') AND "nspname" = 'sqlmesh__sqlmesh_example' (base.py:2260)
2025-08-11 17:03:15,582 - ThreadPoolExecutor-3_1 - sqlmesh.core.engine_adapter.base - INFO - Executing SQL: /* SQLMESH_PLAN: d83fe7ba0f2f46d8a20e0eb7b2b25576 */ SELECT COUNT(*) FROM (SELECT * FROM "analytics"."sqlmesh__sqlmesh_example"."sqlmesh_example__full_model__3968245968" AS "sqlmesh_example__full_model__3968245968" WHERE "item_id" < 0) AS "audit" (base.py:2260)
2025-08-11 17:03:15,589 - ThreadPoolExecutor-3_1 - sqlmesh.core.state_sync.db.facade - INFO - Adding interval (2025-08-10 00:00:00, 2025-08-11 00:00:00) for snapshot SnapshotId<"analytics"."sqlmesh_example"."full_model": 1291504539> (facade.py:619)
2025-08-11 17:03:15,589 - ThreadPoolExecutor-3_1 - sqlmesh.core.state_sync.db.interval - INFO - Pushing intervals for snapshot SnapshotId<"analytics"."sqlmesh_example"."full_model": 1291504539> (interval.py:213)
2025-08-11 17:03:15,605 - MainThread - sqlmesh.core.plan.evaluator - INFO - Evaluating plan stage EnvironmentRecordUpdateStage (evaluator.py:125)
2025-08-11 17:03:15,608 - MainThread - sqlmesh.core.state_sync.db.facade - INFO - Promoting environment 'prod' (facade.py:167)
2025-08-11 17:03:15,631 - MainThread - sqlmesh.core.plan.evaluator - INFO - Evaluating plan stage UnpauseStage (evaluator.py:125)
2025-08-11 17:03:15,638 - MainThread - sqlmesh.core.state_sync.db.snapshot - INFO - Unpausing snapshot SnapshotId<"analytics"."sqlmesh_example"."full_model": 1291504539> (snapshot.py:143)
2025-08-11 17:03:15,639 - MainThread - sqlmesh.core.state_sync.db.snapshot - INFO - Unpausing snapshot SnapshotId<"analytics"."sqlmesh_example"."incremental_model": 3025917805> (snapshot.py:143)
2025-08-11 17:03:15,640 - MainThread - sqlmesh.core.state_sync.db.snapshot - INFO - Unpausing snapshot SnapshotId<"analytics"."sqlmesh_example"."seed_model": 2262549535> (snapshot.py:143)
2025-08-11 17:03:15,647 - MainThread - sqlmesh.core.plan.evaluator - INFO - Evaluating plan stage VirtualLayerUpdateStage (evaluator.py:125)
2025-08-11 17:03:15,653 - MainThread - sqlmesh.core.snapshot.evaluator - INFO - Creating schema 'analytics.sqlmesh_example' (evaluator.py:1180)
2025-08-11 17:03:15,654 - MainThread - sqlmesh.core.engine_adapter.base - INFO - Executing SQL: /* SQLMESH_PLAN: d83fe7ba0f2f46d8a20e0eb7b2b25576 */ CREATE SCHEMA IF NOT EXISTS "sqlmesh_example" (base.py:2260)
2025-08-11 17:03:15,728 - ThreadPoolExecutor-4_0 - sqlmesh.core.snapshot.evaluator - INFO - Updating view 'analytics.sqlmesh_example.seed_model' to point at table 'analytics.sqlmesh__sqlmesh_example.sqlmesh_example__seed_model__2185867172' (evaluator.py:1497)
2025-08-11 17:03:15,730 - ThreadPoolExecutor-4_0 - sqlmesh.core.engine_adapter.base - INFO - Executing SQL: /* SQLMESH_PLAN: d83fe7ba0f2f46d8a20e0eb7b2b25576 */ DROP VIEW IF EXISTS "sqlmesh_example"."seed_model" CASCADE (base.py:2260)
2025-08-11 17:03:15,733 - ThreadPoolExecutor-4_0 - sqlmesh.core.engine_adapter.base - INFO - Executing SQL: /* SQLMESH_PLAN: d83fe7ba0f2f46d8a20e0eb7b2b25576 */ CREATE VIEW "sqlmesh_example"."seed_model" AS SELECT * FROM "analytics"."sqlmesh__sqlmesh_example"."sqlmesh_example__seed_model__2185867172" (base.py:2260)
2025-08-11 17:03:15,809 - ThreadPoolExecutor-4_1 - sqlmesh.core.snapshot.evaluator - INFO - Updating view 'analytics.sqlmesh_example.incremental_model' to point at table 'analytics.sqlmesh__sqlmesh_example.sqlmesh_example__incremental_model__3659766683' (evaluator.py:1497)
2025-08-11 17:03:15,811 - ThreadPoolExecutor-4_1 - sqlmesh.core.engine_adapter.base - INFO - Executing SQL: /* SQLMESH_PLAN: d83fe7ba0f2f46d8a20e0eb7b2b25576 */ DROP VIEW IF EXISTS "sqlmesh_example"."incremental_model" CASCADE (base.py:2260)
2025-08-11 17:03:15,813 - ThreadPoolExecutor-4_1 - sqlmesh.core.engine_adapter.base - INFO - Executing SQL: /* SQLMESH_PLAN: d83fe7ba0f2f46d8a20e0eb7b2b25576 */ CREATE VIEW "sqlmesh_example"."incremental_model" AS SELECT * FROM "analytics"."sqlmesh__sqlmesh_example"."sqlmesh_example__incremental_model__3659766683" (base.py:2260)
2025-08-11 17:03:15,825 - ThreadPoolExecutor-4_1 - sqlmesh.core.snapshot.evaluator - INFO - Updating view 'analytics.sqlmesh_example.full_model' to point at table 'analytics.sqlmesh__sqlmesh_example.sqlmesh_example__full_model__3968245968' (evaluator.py:1497)
2025-08-11 17:03:15,827 - ThreadPoolExecutor-4_1 - sqlmesh.core.engine_adapter.base - INFO - Executing SQL: /* SQLMESH_PLAN: d83fe7ba0f2f46d8a20e0eb7b2b25576 */ DROP VIEW IF EXISTS "sqlmesh_example"."full_model" CASCADE (base.py:2260)
2025-08-11 17:03:15,829 - ThreadPoolExecutor-4_1 - sqlmesh.core.engine_adapter.base - INFO - Executing SQL: /* SQLMESH_PLAN: d83fe7ba0f2f46d8a20e0eb7b2b25576 */ CREATE VIEW "sqlmesh_example"."full_model" AS SELECT * FROM "analytics"."sqlmesh__sqlmesh_example"."sqlmesh_example__full_model__3968245968" (base.py:2260)
2025-08-11 17:03:15,837 - MainThread - sqlmesh.core.plan.evaluator - INFO - Evaluating plan stage FinalizeEnvironmentStage (evaluator.py:125)
2025-08-11 17:03:15,840 - MainThread - sqlmesh.core.state_sync.db.environment - INFO - Finalizing environment 'prod' (environment.py:139)
2025-08-11 17:03:15,847 - MainThread - root - INFO - Shutting down the event dispatcher (dispatcher.py:159)
