2025-08-14 15:35:33,397 - MainThread - sqlmesh.core.snapshot.evaluator - INFO - Auditing snapshot SnapshotId<"analytics"."sqlmesh_example"."full_model": 4121470012> (evaluator.py:553)
2025-08-14 15:35:33,451 - MainThread - sqlmesh.core.engine_adapter.base - INFO - Executing SQL: SELECT
  "attname" AS "column_name",
  "pg_catalog".format_type("atttypid", "atttypmod") AS "data_type"
FROM "pg_catalog"."pg_attribute"
JOIN "pg_catalog"."pg_class"
  ON "pg_class"."oid" = "attrelid"
JOIN "pg_catalog"."pg_namespace"
  ON "pg_namespace"."oid" = "relnamespace"
WHERE
  (
    "attnum" > 0
    AND NOT "attisdropped"
    AND "relname" = 'sqlmesh_example__full_model__3968245968'
  )
  AND "nspname" = 'sqlmesh__sqlmesh_example' (base.py:2260)
2025-08-14 15:35:33,469 - MainThread - sqlmesh.core.engine_adapter.base - INFO - Executing SQL: SELECT
  COUNT(*)
FROM (
  SELECT
    *
  FROM "analytics"."sqlmesh__sqlmesh_example"."sqlmesh_example__full_model__3968245968" AS "sqlmesh_example__full_model__3968245968"
  WHERE
    "item_id" < 0
) AS "audit" (base.py:2260)
2025-08-14 15:35:33,476 - MainThread - sqlmesh.core.engine_adapter.base - INFO - Executing SQL: SELECT
  "attname" AS "column_name",
  "pg_catalog".format_type("atttypid", "atttypmod") AS "data_type"
FROM "pg_catalog"."pg_attribute"
JOIN "pg_catalog"."pg_class"
  ON "pg_class"."oid" = "attrelid"
JOIN "pg_catalog"."pg_namespace"
  ON "pg_namespace"."oid" = "relnamespace"
WHERE
  (
    "attnum" > 0
    AND NOT "attisdropped"
    AND "relname" = 'sqlmesh_example__full_model__3968245968'
  )
  AND "nspname" = 'sqlmesh__sqlmesh_example' (base.py:2260)
2025-08-14 15:35:33,487 - MainThread - sqlmesh.core.engine_adapter.base - INFO - Executing SQL: SELECT
  COUNT(*)
FROM (
  SELECT
    *
  FROM "analytics"."sqlmesh__sqlmesh_example"."sqlmesh_example__full_model__3968245968" AS "sqlmesh_example__full_model__3968245968"
  WHERE
    (
      "item_id"
    ) IS NULL AND TRUE
) AS "audit" (base.py:2260)
2025-08-14 15:35:33,492 - MainThread - sqlmesh.core.snapshot.evaluator - INFO - Auditing snapshot SnapshotId<"analytics"."staging"."stg_events": 2456517470> (evaluator.py:553)
2025-08-14 15:35:33,497 - MainThread - sqlmesh.core.engine_adapter.base - INFO - Executing SQL: SELECT
  "attname" AS "column_name",
  "pg_catalog".format_type("atttypid", "atttypmod") AS "data_type"
FROM "pg_catalog"."pg_attribute"
JOIN "pg_catalog"."pg_class"
  ON "pg_class"."oid" = "attrelid"
JOIN "pg_catalog"."pg_namespace"
  ON "pg_namespace"."oid" = "relnamespace"
WHERE
  (
    "attnum" > 0
    AND NOT "attisdropped"
    AND "relname" = 'staging__stg_events__1053797422'
  )
  AND "nspname" = 'sqlmesh__staging' (base.py:2260)
2025-08-14 15:35:33,513 - MainThread - sqlmesh.core.engine_adapter.base - INFO - Executing SQL: SELECT
  COUNT(*)
FROM (
  SELECT
    *
  FROM (
    SELECT
      ROW_NUMBER() OVER (PARTITION BY (
        "event_id"
      ) ORDER BY (
        "event_id"
      ) NULLS FIRST) AS "rank_"
    FROM "analytics"."sqlmesh__staging"."staging__stg_events__1053797422" AS "staging__stg_events__1053797422"
    WHERE
      TRUE
  ) AS "_q_0"
  WHERE
    "rank_" > 1
) AS "audit" (base.py:2260)
2025-08-14 15:35:33,521 - MainThread - sqlmesh.core.engine_adapter.base - INFO - Executing SQL: SELECT
  "attname" AS "column_name",
  "pg_catalog".format_type("atttypid", "atttypmod") AS "data_type"
FROM "pg_catalog"."pg_attribute"
JOIN "pg_catalog"."pg_class"
  ON "pg_class"."oid" = "attrelid"
JOIN "pg_catalog"."pg_namespace"
  ON "pg_namespace"."oid" = "relnamespace"
WHERE
  (
    "attnum" > 0
    AND NOT "attisdropped"
    AND "relname" = 'staging__stg_events__1053797422'
  )
  AND "nspname" = 'sqlmesh__staging' (base.py:2260)
2025-08-14 15:35:33,533 - MainThread - sqlmesh.core.engine_adapter.base - INFO - Executing SQL: SELECT
  COUNT(*)
FROM (
  SELECT
    *
  FROM "analytics"."sqlmesh__staging"."staging__stg_events__1053797422" AS "staging__stg_events__1053797422"
  WHERE
    (
      "event_id" IS NULL OR "user_id" IS NULL
    ) AND TRUE
) AS "audit" (base.py:2260)
2025-08-14 15:35:33,540 - MainThread - root - INFO - Shutting down the event dispatcher (dispatcher.py:159)
