2025-08-14 15:25:16,794 - MainThread - sqlmesh.core.snapshot.evaluator - INFO - Auditing snapshot SnapshotId<"analytics"."sqlmesh_example"."full_model": 502438451> (evaluator.py:553)
2025-08-14 15:25:16,907 - MainThread - sqlmesh.core.engine_adapter.base - INFO - Executing SQL: SELECT
  "attname" AS "column_name",
  "pg_catalog".format_type("atttypid", "atttypmod") AS "data_type"
FROM "pg_catalog"."pg_attribute"
JOIN "pg_catalog"."pg_class"
  ON "pg_class"."oid" = "attrelid"
JOIN "pg_catalog"."pg_namespace"
  ON "pg_namespace"."oid" = "relnamespace"
WHERE
  (
    "attnum" > 0
    AND NOT "attisdropped"
    AND "relname" = 'sqlmesh_example__full_model__3968245968'
  )
  AND "nspname" = 'sqlmesh__sqlmesh_example' (base.py:2260)
2025-08-14 15:25:16,949 - MainThread - sqlmesh.core.engine_adapter.base - INFO - Executing SQL: SELECT
  COUNT(*)
FROM (
  SELECT
    *
  FROM "analytics"."sqlmesh__sqlmesh_example"."sqlmesh_example__full_model__3968245968" AS "sqlmesh_example__full_model__3968245968"
  WHERE
    "item_id" < 0
) AS "audit" (base.py:2260)
2025-08-14 15:25:16,967 - MainThread - sqlmesh.core.engine_adapter.base - INFO - Executing SQL: SELECT
  "attname" AS "column_name",
  "pg_catalog".format_type("atttypid", "atttypmod") AS "data_type"
FROM "pg_catalog"."pg_attribute"
JOIN "pg_catalog"."pg_class"
  ON "pg_class"."oid" = "attrelid"
JOIN "pg_catalog"."pg_namespace"
  ON "pg_namespace"."oid" = "relnamespace"
WHERE
  (
    "attnum" > 0
    AND NOT "attisdropped"
    AND "relname" = 'sqlmesh_example__full_model__3968245968'
  )
  AND "nspname" = 'sqlmesh__sqlmesh_example' (base.py:2260)
2025-08-14 15:25:16,974 - MainThread - root - INFO - Shutting down the event dispatcher (dispatcher.py:159)
